*** Using Compiler 'V5.06 update 7 (build 960)', folder: 'C:\Users\34118\AppData\Local\Keil_v5\ARM\ARMCC\Bin'
Rebuild target 'Target 1'
assembling startup_stm32f10x_md.s...
compiling stm32f10x_dac.c...
compiling stm32f10x_flash.c...
compiling stm32f10x_exti.c...
compiling stm32f10x_can.c...
compiling stm32f10x_crc.c...
compiling stm32f10x_fsmc.c...
compiling misc.c...
compiling stm32f10x_adc.c...
compiling core_cm3.c...
compiling stm32f10x_dbgmcu.c...
compiling stm32f10x_bkp.c...
compiling stm32f10x_cec.c...
compiling system_stm32f10x.c...
compiling stm32f10x_dma.c...
compiling stm32f10x_gpio.c...
compiling stm32f10x_i2c.c...
compiling stm32f10x_pwr.c...
compiling stm32f10x_iwdg.c...
compiling stm32f10x_rcc.c...
compiling stm32f10x_rtc.c...
compiling stm32f10x_sdio.c...
compiling timer.c...
compiling stm32f10x_spi.c...
compiling stm32f10x_usart.c...
compiling stm32f10x_wwdg.c...
compiling OLED.c...
compiling pwm.c...
compiling stm32f10x_tim.c...
compiling anjian.c...
compiling dianji.c...
compiling Delay.c...
compiling duoji.c...
compiling xunji.c...
compiling PID.c...
compiling bizhang.c...
compiling main.c...
compiling LinePID.c...
compiling stm32f10x_it.c...
compiling SpeedControl.c...
linking...
Program Size: Code=5942 RO-data=1806 RW-data=60 ZI-data=1644  
".\Objects\project.axf" - 0 Error(s), 0 Warning(s).
Build Time Elapsed:  00:00:01
